# JRE version: OpenJDK Runtime Environment (17.0.2+8) (build 17.0.2+8-86)
# Java VM: OpenJDK 64-Bit Server VM (17.0.2+8-86, mixed mode, sharing, tiered, compressed oops, compressed class ptrs, g1 gc, windows-amd64)
GC Precious Log:
 CPUs: 4 total, 4 available
 Memory: 6007M
 Large Page Support: Disabled
 NUMA Support: Disabled
 Compressed Oops: Enabled (32-bit)
 Heap Region Size: 1M
 Heap Min Capacity: 8M
 Heap Initial Capacity: 94M
 Heap Max Capacity: 1502M
 Pre-touch: Disabled
 Parallel Workers: 4
 Concurrent Workers: 1
 Concurrent Refinement Workers: 4
 Periodic GC: Disabled
Heap:
 garbage-first heap   total 75776K, used 44116K [0x00000000a2200000, 0x0000000100000000)
  region size 1024K, 31 young (31744K), 7 survivors (7168K)
 Metaspace       used 25786K, committed 26048K, reserved 1073152K
  class space    used 3451K, committed 3584K, reserved 1048576K
GC Heap History (6 events):
Event: 0.596 GC heap before
{Heap before GC invocations=0 (full 0):
 garbage-first heap   total 96256K, used 12288K [0x00000000a2200000, 0x0000000100000000)
  region size 1024K, 13 young (13312K), 0 survivors (0K)
 Metaspace       used 2536K, committed 2688K, reserved 1056768K
  class space    used 270K, committed 320K, reserved 1048576K
}
Event: 0.600 GC heap after
{Heap after GC invocations=1 (full 0):
 garbage-first heap   total 96256K, used 1800K [0x00000000a2200000, 0x0000000100000000)
  region size 1024K, 2 young (2048K), 2 survivors (2048K)
 Metaspace       used 2536K, committed 2688K, reserved 1056768K
  class space    used 270K, committed 320K, reserved 1048576K
}
Event: 1.069 GC heap before
{Heap before GC invocations=1 (full 0):
 garbage-first heap   total 96256K, used 21256K [0x00000000a2200000, 0x0000000100000000)
  region size 1024K, 19 young (19456K), 2 survivors (2048K)
 Metaspace       used 8201K, committed 8320K, reserved 1056768K
  class space    used 1038K, committed 1088K, reserved 1048576K
}
Event: 1.073 GC heap after
{Heap after GC invocations=2 (full 0):
 garbage-first heap   total 96256K, used 6584K [0x00000000a2200000, 0x0000000100000000)
  region size 1024K, 3 young (3072K), 3 survivors (3072K)
 Metaspace       used 8201K, committed 8320K, reserved 1056768K
  class space    used 1038K, committed 1088K, reserved 1048576K
}
Event: 13.779 GC heap before
{Heap before GC invocations=2 (full 0):
 garbage-first heap   total 96256K, used 56760K [0x00000000a2200000, 0x0000000100000000)
  region size 1024K, 46 young (47104K), 3 survivors (3072K)
 Metaspace       used 21322K, committed 21504K, reserved 1073152K
  class space    used 2844K, committed 2944K, reserved 1048576K
}
Event: 13.787 GC heap after
{Heap after GC invocations=3 (full 0):
 garbage-first heap   total 96256K, used 20564K [0x00000000a2200000, 0x0000000100000000)
  region size 1024K, 7 young (7168K), 7 survivors (7168K)
 Metaspace       used 21322K, committed 21504K, reserved 1073152K
  class space    used 2844K, committed 2944K, reserved 1048576K
}

