# JRE version: OpenJDK Runtime Environment (17.0.2+8) (build 17.0.2+8-86)
# Java VM: OpenJDK 64-Bit Server VM (17.0.2+8-86, mixed mode, sharing, tiered, compressed oops, compressed class ptrs, g1 gc, windows-amd64)
GC Precious Log:
 CPUs: 4 total, 4 available
 Memory: 6007M
 Large Page Support: Disabled
 NUMA Support: Disabled
 Compressed Oops: Enabled (32-bit)
 Heap Region Size: 1M
 Heap Min Capacity: 8M
 Heap Initial Capacity: 94M
 Heap Max Capacity: 1502M
 Pre-touch: Disabled
 Parallel Workers: 4
 Concurrent Workers: 1
 Concurrent Refinement Workers: 4
 Periodic GC: Disabled
Heap:
 garbage-first heap   total 75776K, used 40717K [0x00000000a2200000, 0x0000000100000000)
  region size 1024K, 21 young (21504K), 1 survivors (1024K)
 Metaspace       used 25431K, committed 25664K, reserved 1073152K
  class space    used 3409K, committed 3520K, reserved 1048576K
GC Heap History (8 events):
Event: 0.966 GC heap before
{Heap before GC invocations=0 (full 0):
 garbage-first heap   total 96256K, used 13312K [0x00000000a2200000, 0x0000000100000000)
  region size 1024K, 13 young (13312K), 0 survivors (0K)
 Metaspace       used 2294K, committed 2432K, reserved 1056768K
  class space    used 241K, committed 320K, reserved 1048576K
}
Event: 0.970 GC heap after
{Heap after GC invocations=1 (full 0):
 garbage-first heap   total 96256K, used 1806K [0x00000000a2200000, 0x0000000100000000)
  region size 1024K, 2 young (2048K), 2 survivors (2048K)
 Metaspace       used 2294K, committed 2432K, reserved 1056768K
  class space    used 241K, committed 320K, reserved 1048576K
}
Event: 1.545 GC heap before
{Heap before GC invocations=1 (full 0):
 garbage-first heap   total 96256K, used 18190K [0x00000000a2200000, 0x0000000100000000)
  region size 1024K, 19 young (19456K), 2 survivors (2048K)
 Metaspace       used 6996K, committed 7168K, reserved 1056768K
  class space    used 842K, committed 896K, reserved 1048576K
}
Event: 1.548 GC heap after
{Heap after GC invocations=2 (full 0):
 garbage-first heap   total 96256K, used 3396K [0x00000000a2200000, 0x0000000100000000)
  region size 1024K, 2 young (2048K), 2 survivors (2048K)
 Metaspace       used 6996K, committed 7168K, reserved 1056768K
  class space    used 842K, committed 896K, reserved 1048576K
}
Event: 9.215 GC heap before
{Heap before GC invocations=2 (full 0):
 garbage-first heap   total 96256K, used 67908K [0x00000000a2200000, 0x0000000100000000)
  region size 1024K, 56 young (57344K), 2 survivors (2048K)
 Metaspace       used 20234K, committed 20544K, reserved 1073152K
  class space    used 2670K, committed 2816K, reserved 1048576K
}
Event: 9.222 GC heap after
{Heap after GC invocations=3 (full 0):
 garbage-first heap   total 96256K, used 20267K [0x00000000a2200000, 0x0000000100000000)
  region size 1024K, 7 young (7168K), 7 survivors (7168K)
 Metaspace       used 20234K, committed 20544K, reserved 1073152K
  class space    used 2670K, committed 2816K, reserved 1048576K
}
Event: 9.300 GC heap before
{Heap before GC invocations=3 (full 0):
 garbage-first heap   total 96256K, used 21291K [0x00000000a2200000, 0x0000000100000000)
  region size 1024K, 9 young (9216K), 7 survivors (7168K)
 Metaspace       used 21284K, committed 21504K, reserved 1073152K
  class space    used 2785K, committed 2880K, reserved 1048576K
}
Event: 9.306 GC heap after
{Heap after GC invocations=4 (full 0):
 garbage-first heap   total 96256K, used 21261K [0x00000000a2200000, 0x0000000100000000)
  region size 1024K, 1 young (1024K), 1 survivors (1024K)
 Metaspace       used 21284K, committed 21504K, reserved 1073152K
  class space    used 2785K, committed 2880K, reserved 1048576K
}

