# JRE version: OpenJDK Runtime Environment (17.0.2+8) (build 17.0.2+8-86)
# Java VM: OpenJDK 64-Bit Server VM (17.0.2+8-86, mixed mode, sharing, tiered, compressed oops, compressed class ptrs, g1 gc, windows-amd64)
GC Precious Log:
 CPUs: 4 total, 4 available
 Memory: 6007M
 Large Page Support: Disabled
 NUMA Support: Disabled
 Compressed Oops: Enabled (32-bit)
 Heap Region Size: 1M
 Heap Min Capacity: 8M
 Heap Initial Capacity: 94M
 Heap Max Capacity: 1502M
 Pre-touch: Disabled
 Parallel Workers: 4
 Concurrent Workers: 1
 Concurrent Refinement Workers: 4
 Periodic GC: Disabled
Heap:
 garbage-first heap   total 75776K, used 32537K [0x00000000a2200000, 0x0000000100000000)
  region size 1024K, 13 young (13312K), 1 survivors (1024K)
 Metaspace       used 24257K, committed 24512K, reserved 1073152K
  class space    used 3164K, committed 3264K, reserved 1048576K
GC Heap History (8 events):
Event: 0.671 GC heap before
{Heap before GC invocations=0 (full 0):
 garbage-first heap   total 96256K, used 13312K [0x00000000a2200000, 0x0000000100000000)
  region size 1024K, 13 young (13312K), 0 survivors (0K)
 Metaspace       used 2294K, committed 2432K, reserved 1056768K
  class space    used 241K, committed 320K, reserved 1048576K
}
Event: 0.675 GC heap after
{Heap after GC invocations=1 (full 0):
 garbage-first heap   total 96256K, used 1831K [0x00000000a2200000, 0x0000000100000000)
  region size 1024K, 2 young (2048K), 2 survivors (2048K)
 Metaspace       used 2294K, committed 2432K, reserved 1056768K
  class space    used 241K, committed 320K, reserved 1048576K
}
Event: 1.514 GC heap before
{Heap before GC invocations=1 (full 0):
 garbage-first heap   total 96256K, used 18215K [0x00000000a2200000, 0x0000000100000000)
  region size 1024K, 19 young (19456K), 2 survivors (2048K)
 Metaspace       used 7026K, committed 7168K, reserved 1056768K
  class space    used 844K, committed 896K, reserved 1048576K
}
Event: 1.517 GC heap after
{Heap after GC invocations=2 (full 0):
 garbage-first heap   total 96256K, used 3295K [0x00000000a2200000, 0x0000000100000000)
  region size 1024K, 2 young (2048K), 2 survivors (2048K)
 Metaspace       used 7026K, committed 7168K, reserved 1056768K
  class space    used 844K, committed 896K, reserved 1048576K
}
Event: 34.367 GC heap before
{Heap before GC invocations=2 (full 0):
 garbage-first heap   total 96256K, used 67807K [0x00000000a2200000, 0x0000000100000000)
  region size 1024K, 56 young (57344K), 2 survivors (2048K)
 Metaspace       used 19848K, committed 20096K, reserved 1073152K
  class space    used 2625K, committed 2752K, reserved 1048576K
}
Event: 34.374 GC heap after
{Heap after GC invocations=3 (full 0):
 garbage-first heap   total 96256K, used 20413K [0x00000000a2200000, 0x0000000100000000)
  region size 1024K, 7 young (7168K), 7 survivors (7168K)
 Metaspace       used 19848K, committed 20096K, reserved 1073152K
  class space    used 2625K, committed 2752K, reserved 1048576K
}
Event: 34.478 GC heap before
{Heap before GC invocations=3 (full 0):
 garbage-first heap   total 96256K, used 23485K [0x00000000a2200000, 0x0000000100000000)
  region size 1024K, 11 young (11264K), 7 survivors (7168K)
 Metaspace       used 21286K, committed 21504K, reserved 1073152K
  class space    used 2781K, committed 2880K, reserved 1048576K
}
Event: 34.483 GC heap after
{Heap after GC invocations=4 (full 0):
 garbage-first heap   total 96256K, used 21273K [0x00000000a2200000, 0x0000000100000000)
  region size 1024K, 1 young (1024K), 1 survivors (1024K)
 Metaspace       used 21286K, committed 21504K, reserved 1073152K
  class space    used 2781K, committed 2880K, reserved 1048576K
}

